{
  "stats": {
    "suites": 1,
    "tests": 17,
    "passes": 17,
    "pending": 0,
    "failures": 0,
    "start": "2022-06-06T08:15:40.604Z",
    "end": "2022-06-06T08:16:47.879Z",
    "duration": 67275,
    "testsRegistered": 17,
    "passPercent": 100,
    "pendingPercent": 0,
    "other": 0,
    "hasOther": false,
    "skipped": 0,
    "hasSkipped": false
  },
  "results": [
    {
      "uuid": "ed2bee8c-0f35-4078-9f03-7d99bc94022e",
      "title": "",
      "fullFile": "cypress/integration/swagLabsLoginPage.spec.js",
      "file": "cypress/integration/swagLabsLoginPage.spec.js",
      "beforeHooks": [],
      "afterHooks": [],
      "tests": [],
      "suites": [
        {
          "uuid": "72564647-4ed6-40db-bc33-33a2938478e7",
          "title": "Verify login page",
          "fullFile": "",
          "file": "",
          "beforeHooks": [],
          "afterHooks": [],
          "tests": [
            {
              "title": "check login page",
              "fullTitle": "Verify login page check login page",
              "timedOut": null,
              "duration": 1019,
              "state": "passed",
              "speed": "fast",
              "pass": true,
              "fail": false,
              "pending": false,
              "context": null,
              "code": "//checks whether url includes \"saucedemo\" and title Swaglabs\ncy.url().should('include', 'saucedemo');\ncy.title().should('eq', 'Swag Labs'); //checks login logo \ncy.get('.login_logo').should('have.css', 'text-align', 'center'); //checks placeholder values of username, password, and value Login for login button.\ncy.get('#user-name').should('have.attr', 'placeholder', 'Username').and('have.css', 'color', 'rgb(72, 76, 85)');\ncy.get('#password').should('have.attr', 'placeholder', 'Password').and('have.css', 'color', 'rgb(72, 76, 85)');\ncy.get('#login-button').should('have.attr', 'value', 'Login'); //checks for username text  on the page\ncy.get('#login_credentials').find('h4').should('contain.text', 'Accepted usernames are:'); //checks for password text  on the page\ncy.get('.login_password').find('h4').should('contain.text', 'Password for all users');",
              "err": {},
              "uuid": "5411e72b-52ed-43d1-9835-d8df447654a5",
              "parentUUID": "72564647-4ed6-40db-bc33-33a2938478e7",
              "isHook": false,
              "skipped": false
            },
            {
              "title": "try to login with valid username and valid password",
              "fullTitle": "Verify login page try to login with valid username and valid password",
              "timedOut": null,
              "duration": 2104,
              "state": "passed",
              "speed": "fast",
              "pass": true,
              "fail": false,
              "pending": false,
              "context": null,
              "code": "cy.login('standard_user', 'secret_sauce'); //sould navigate to inventory page\ncy.url().should('include', 'inventory.html');\nbackpackImage = '/static/media/sauce-backpack-1200x1500.34e7aa42.jpg';\ncy.get('.inventory_item_img > a >img').should('have.attr', 'src', backpackImage);\ncy.get('.pricebar').contains('#add-to-cart-sauce-labs-backpack', 'Add to cart').click(); //After clicking on Add to cart the item should be present in the cart icon element\ncy.get('.shopping_cart_badge').should('contain.text', 1); //removing the item from the cart\ncy.get('.pricebar').contains('#remove-sauce-labs-backpack', 'Remove').click(); //After removing item from cart. Item should not be present in the cart icon\ncy.get('.shopping_cart_link').should('not.have.class', 'shopping_cart_badge');\ncy.get('#react-burger-menu-btn').should('contain.text', 'Open Menu');\ncy.logout();\ncy.get('.login_logo').should('have.class', 'login_logo');",
              "err": {},
              "uuid": "1ac124da-2387-429e-80d8-54b862ef44aa",
              "parentUUID": "72564647-4ed6-40db-bc33-33a2938478e7",
              "isHook": false,
              "skipped": false
            },
            {
              "title": "try to login with locked_out_user with valid password",
              "fullTitle": "Verify login page try to login with locked_out_user with valid password",
              "timedOut": null,
              "duration": 1684,
              "state": "passed",
              "speed": "fast",
              "pass": true,
              "fail": false,
              "pending": false,
              "context": null,
              "code": "cy.login('locked_out_user', 'secret_sauce'); //sould navigate to inventory page\ncy.get('form').find('div').eq(2).as('errorMessage'); //aliasing error messgage box element \ncy.get('@errorMessage').should('contain.text', 'Epic sadface: Sorry, this user has been locked out.');\ncy.get('@errorMessage').should('have.css', 'background-color', 'rgb(226, 35, 26)');\ncy.get('@errorMessage').find('button').click(); //error icon in error message field should be clickable.\ncy.get('@errorMessage').should('contain.text', ''); //error message element should be empty after closing.",
              "err": {},
              "uuid": "05eda9af-f268-4d44-abb7-74a2ef5da4d9",
              "parentUUID": "72564647-4ed6-40db-bc33-33a2938478e7",
              "isHook": false,
              "skipped": false
            },
            {
              "title": "try to login with problem_user with valid password",
              "fullTitle": "Verify login page try to login with problem_user with valid password",
              "timedOut": null,
              "duration": 1856,
              "state": "passed",
              "speed": "fast",
              "pass": true,
              "fail": false,
              "pending": false,
              "context": null,
              "code": "cy.login('problem_user', 'secret_sauce'); //sould navigate to inventory page\ncy.url().should('include', 'inventory.html'); //backpackImage src is not same in this case so its a defect\ncy.get('.inventory_item_img > a >img').should('not.have.attr', 'src', backpackImage);\ncy.get('.pricebar').contains('#add-to-cart-sauce-labs-backpack', 'Add to cart').click(); //After clicking on Add to cart the item should be present in the cart icon element\ncy.get('.shopping_cart_badge').should('contain.text', 1); //removing the item from the cart\ncy.get('.pricebar').contains('#remove-sauce-labs-backpack', 'Remove').click(); //After removing item from cart. Item should not be present in the cart icon\n//But its present that means its a defect\ncy.get('.shopping_cart_link').should('not.have.class', 'shopping_cart_badge');\ncy.get('#react-burger-menu-btn').should('contain.text', 'Open Menu');\ncy.logout();\ncy.get('.login_logo').should('have.class', 'login_logo');",
              "err": {},
              "uuid": "08cab55d-97cb-43a5-942b-85e09c0bcac3",
              "parentUUID": "72564647-4ed6-40db-bc33-33a2938478e7",
              "isHook": false,
              "skipped": false
            },
            {
              "title": "try to login with performance_glitch_user with valid password",
              "fullTitle": "Verify login page try to login with performance_glitch_user with valid password",
              "timedOut": null,
              "duration": 7966,
              "state": "passed",
              "speed": "medium",
              "pass": true,
              "fail": false,
              "pending": false,
              "context": null,
              "code": "cy.login('performance_glitch_user', 'secret_sauce'); //sould navigate to inventory page\ncy.url().should('include', 'inventory.html');\nbackpackImage = '/static/media/sauce-backpack-1200x1500.34e7aa42.jpg';\ncy.get('.inventory_item_img > a >img').should('have.attr', 'src', backpackImage); //clicks on add to cart button for backpack product\ncy.get('.pricebar').contains('#add-to-cart-sauce-labs-backpack', 'Add to cart').click(); //After clicking on Add to cart the item should be present in the cart icon element\ncy.get('.shopping_cart_badge').should('contain.text', 1); //removing the item from the cart\ncy.get('.pricebar').contains('#remove-sauce-labs-backpack', 'Remove').click(); //After removing item from cart. Item should not be present in the cart icon\ncy.get('.shopping_cart_link').should('not.have.class', 'shopping_cart_badge');\ncy.get('#react-burger-menu-btn').should('contain.text', 'Open Menu');\ncy.logout();\ncy.get('.login_logo').should('have.class', 'login_logo');",
              "err": {},
              "uuid": "e4110541-94f5-4292-97df-1446e34b640b",
              "parentUUID": "72564647-4ed6-40db-bc33-33a2938478e7",
              "isHook": false,
              "skipped": false
            },
            {
              "title": "try to login with invalid username and valid password",
              "fullTitle": "Verify login page try to login with invalid username and valid password",
              "timedOut": null,
              "duration": 1350,
              "state": "passed",
              "speed": "fast",
              "pass": true,
              "fail": false,
              "pending": false,
              "context": null,
              "code": "cy.login('fake_user', 'secret_sauce'); //username and password field should contain the entered username and password and turn red as error message\ncy.get('#user-name').should('have.attr', 'value', 'fake_user');\ncy.get('#user-name').should('have.css', 'border-bottom-color', 'rgb(226, 35, 26)');\ncy.get('#password').should('have.attr', 'value', 'secret_sauce');\ncy.get('#password').should('have.css', 'border-bottom-color', 'rgb(226, 35, 26)'); //error message icon beside username and password\ncy.get('.form_group svg').first().should('have.attr', 'focusable', 'false');\ncy.get('.form_group svg').eq(1).should('have.attr', 'focusable', 'false');\ncy.get('form').find('div').eq(2).as('errorMessage'); //aliasing error messgage box element \ncy.get('@errorMessage').should('contain.text', 'Epic sadface: Username and password do not match any user in this service');",
              "err": {},
              "uuid": "9be8bf72-2e68-4966-bf4e-e27a228675e4",
              "parentUUID": "72564647-4ed6-40db-bc33-33a2938478e7",
              "isHook": false,
              "skipped": false
            },
            {
              "title": "try to login with valid username and invalid password",
              "fullTitle": "Verify login page try to login with valid username and invalid password",
              "timedOut": null,
              "duration": 1577,
              "state": "passed",
              "speed": "fast",
              "pass": true,
              "fail": false,
              "pending": false,
              "context": null,
              "code": "cy.login('standard_user', 'wrong_sauce');\ncy.get('form').find('div').eq(2).as('errorMessage');\ncy.get('@errorMessage').should('contain.text', 'Epic sadface: Username and password do not match any user in this service');\ncy.get('@errorMessage').should('have.css', 'font-family', 'Roboto, Arial, Helvetica, sans-serif');\ncy.get('@errorMessage').find('button').click();\ncy.get('@errorMessage').should('contain.text', ''); //placeholder value turns black after closing error icon\ncy.get('#user-name').should('have.attr', 'placeholder', 'Username').and('have.css', 'color', 'rgb(72, 76, 85)');\ncy.get('#password').should('have.attr', 'placeholder', 'Password').and('have.css', 'color', 'rgb(72, 76, 85)');",
              "err": {},
              "uuid": "5dbfec40-93c1-4301-b814-a0b0d183316e",
              "parentUUID": "72564647-4ed6-40db-bc33-33a2938478e7",
              "isHook": false,
              "skipped": false
            },
            {
              "title": "try to login with invalid username and invalid password",
              "fullTitle": "Verify login page try to login with invalid username and invalid password",
              "timedOut": null,
              "duration": 1166,
              "state": "passed",
              "speed": "fast",
              "pass": true,
              "fail": false,
              "pending": false,
              "context": null,
              "code": "cy.login('fake_user', 'wrong_sauce');\ncy.get('form').find('div').eq(2).as('errorMessage');\ncy.get('@errorMessage').should('contain.text', 'Epic sadface: Username and password do not match any user in this service');\ncy.get('@errorMessage').should('have.css', 'font-size', '14px');",
              "err": {},
              "uuid": "87424ef6-f1bb-4a8c-b7fb-e1c07faf5d72",
              "parentUUID": "72564647-4ed6-40db-bc33-33a2938478e7",
              "isHook": false,
              "skipped": false
            },
            {
              "title": "try to login with blank username and valid password",
              "fullTitle": "Verify login page try to login with blank username and valid password",
              "timedOut": null,
              "duration": 864,
              "state": "passed",
              "speed": "fast",
              "pass": true,
              "fail": false,
              "pending": false,
              "context": null,
              "code": "cy.emptyUsername('secret_sauce');\ncy.get('#user-name').should('have.attr', 'value', '');\ncy.get('form').find('div').eq(2).as('errorMessage');\ncy.get('@errorMessage').should('contain.text', 'Epic sadface: Username is required');",
              "err": {},
              "uuid": "8fcdfec9-9f0b-4eec-8f86-2eea2449d790",
              "parentUUID": "72564647-4ed6-40db-bc33-33a2938478e7",
              "isHook": false,
              "skipped": false
            },
            {
              "title": "try to login with valid username and blank password",
              "fullTitle": "Verify login page try to login with valid username and blank password",
              "timedOut": null,
              "duration": 895,
              "state": "passed",
              "speed": "fast",
              "pass": true,
              "fail": false,
              "pending": false,
              "context": null,
              "code": "cy.emptyPassword('standard_user');\ncy.get('#password').should('have.attr', 'value', '');\ncy.get('form').find('div').eq(2).as('errorMessage');\ncy.get('@errorMessage').should('contain.text', 'Epic sadface: Password is required');",
              "err": {},
              "uuid": "59eda9d0-2230-4716-89b4-7c146e3f35a1",
              "parentUUID": "72564647-4ed6-40db-bc33-33a2938478e7",
              "isHook": false,
              "skipped": false
            },
            {
              "title": "try to login with blank username and blank password",
              "fullTitle": "Verify login page try to login with blank username and blank password",
              "timedOut": null,
              "duration": 363,
              "state": "passed",
              "speed": "fast",
              "pass": true,
              "fail": false,
              "pending": false,
              "context": null,
              "code": "cy.get('#login-button').click();\ncy.get('#user-name').should('have.attr', 'value', '');\ncy.get('#password').should('have.attr', 'value', '');\ncy.get('form').find('div').eq(2).as('errorMessage');\ncy.get('@errorMessage').should('contain.text', 'Epic sadface: Username is required');",
              "err": {},
              "uuid": "deb57504-212b-4f4a-9f54-c0a113f261df",
              "parentUUID": "72564647-4ed6-40db-bc33-33a2938478e7",
              "isHook": false,
              "skipped": false
            },
            {
              "title": "Item added to cart by one user should not be present in cart for another user who has not added it",
              "fullTitle": "Verify login page Item added to cart by one user should not be present in cart for another user who has not added it",
              "timedOut": null,
              "duration": 9800,
              "state": "passed",
              "speed": "medium",
              "pass": true,
              "fail": false,
              "pending": false,
              "context": null,
              "code": "cy.login('standard_user', 'secret_sauce'); //clicks on add to cart button for backpack product\ncy.get('.pricebar').contains('#add-to-cart-sauce-labs-backpack', 'Add to cart').click(); //After clicking on Add to cart the item should be present in the cart icon element\ncy.get('.shopping_cart_badge').should('have.class', 'shopping_cart_badge').and('contain.text', 1);\ncy.logout(); //login with 'performance_glitch_user' with valid password \n//To check if the product is also added to cart with this user\ncy.login('performance_glitch_user', 'secret_sauce'); //no item has been ordered with 'performance_glitch_user' so nothing should be present in cart.\n//But the item is present so its a defect\ncy.get('.shopping_cart_link').should('not.have.class', 'shopping_cart_badge');\ncy.get('.pricebar').contains('#remove-sauce-labs-backpack', 'Remove').click(); //After removing item from cart. Item should not be present in the cart icon\ncy.get('.shopping_cart_link').should('not.have.class', 'shopping_cart_badge');\ncy.logout();\ncy.login('standard_user', 'secret_sauce'); //As the product is already added to cart in the previous login. Item should be present in the cart. \n//But the order is not present so its a defect\ncy.get('.shopping_cart_badge').should('not.exist');",
              "err": {},
              "uuid": "2c29df05-d9ae-43a4-bebb-f7323bfa8f7c",
              "parentUUID": "72564647-4ed6-40db-bc33-33a2938478e7",
              "isHook": false,
              "skipped": false
            },
            {
              "title": "check social links",
              "fullTitle": "Verify login page check social links",
              "timedOut": null,
              "duration": 19603,
              "state": "passed",
              "speed": "slow",
              "pass": true,
              "fail": false,
              "pending": false,
              "context": null,
              "code": "cy.login('standard_user', 'secret_sauce'); //validates twitter social link\ncy.get('.social_twitter a').as('twitter');\ncy.get('@twitter').should('have.attr', 'href', 'https://twitter.com/saucelabs').and('contain.text', 'Twitter');\ncy.get('@twitter').invoke('removeAttr', 'target').click();\ncy.wait(5000);\ncy.contains('@saucelabs').should('exist');\ncy.go('back'); //validates facebook social link\ncy.get('.social_facebook a').as('facebook');\ncy.get('@facebook').should('have.attr', 'href', 'https://www.facebook.com/saucelabs').and('contain.text', 'Facebook');\ncy.get('@facebook').invoke('removeAttr', 'target').click();\ncy.wait(5000);\ncy.go('back'); //validates linkedin social link\ncy.get('.social_linkedin a').as('linkedin');\ncy.get('@linkedin').should('have.attr', 'href', 'https://www.linkedin.com/company/sauce-labs/').and('contain.text', 'LinkedIn');\ncy.get('@linkedin').invoke('removeAttr', 'target').click();\ncy.contains('Join LinkedIn').should('exist');",
              "err": {},
              "uuid": "7686472d-5bff-4f04-a5ad-469c99507a49",
              "parentUUID": "72564647-4ed6-40db-bc33-33a2938478e7",
              "isHook": false,
              "skipped": false
            },
            {
              "title": "validate static dropdown",
              "fullTitle": "Verify login page validate static dropdown",
              "timedOut": null,
              "duration": 4197,
              "state": "passed",
              "speed": "fast",
              "pass": true,
              "fail": false,
              "pending": false,
              "context": null,
              "code": "cy.login('standard_user', 'secret_sauce'); //Name (A to Z) option should have value 'az' for a to z order\ncy.get('.product_sort_container').select('Name (A to Z)');\ncy.get('.product_sort_container').should('have.value', 'az');\ncy.get('.active_option').should('have.text', 'Name (A to Z)'); //Name (A to Z) option should have value 'za' for z to a order\ncy.get('.product_sort_container').select('Name (Z to A)');\ncy.get('.product_sort_container').should('have.value', 'za');\ncy.get('.active_option').should('have.text', 'Name (Z to A)'); //Price (high to low) option should have 'hilo' for descending order\ncy.get('.product_sort_container').select('Price (high to low)');\ncy.get('.product_sort_container').should('have.value', 'hilo');\ncy.get('.active_option').should('have.text', 'Price (high to low)'); //Price (low to high) option should have 'lohi' for ascending order\ncy.get('.product_sort_container').select('Price (low to high)');\ncy.get('.product_sort_container').should('have.value', 'lohi');\ncy.get('.active_option').should('have.text', 'Price (low to high)');",
              "err": {},
              "uuid": "f225719b-0bcb-47f2-9145-89546fb69d32",
              "parentUUID": "72564647-4ed6-40db-bc33-33a2938478e7",
              "isHook": false,
              "skipped": false
            },
            {
              "title": "ordering multiple products",
              "fullTitle": "Verify login page ordering multiple products",
              "timedOut": null,
              "duration": 3431,
              "state": "passed",
              "speed": "fast",
              "pass": true,
              "fail": false,
              "pending": false,
              "context": null,
              "code": "cy.login('standard_user', 'secret_sauce'); //clicks on Add to cart button\nlet ID = '#add-to-cart-sauce-labs-';\ncy.get('.pricebar').contains(ID + 'backpack', 'Add to cart').click();\ncy.get('.pricebar').contains(ID + 'bike-light', 'Add to cart').click();\ncy.get('.pricebar').contains(ID + 'bolt-t-shirt', 'Add to cart').click();\ncy.get('.pricebar').contains(ID + 'fleece-jacket', 'Add to cart').click(); //After clicking on Add to cart the item should be present in the cart icon element\ncy.get('.shopping_cart_badge').should('contain.text', 4).click(); //Navigates to cart page where the products added to cart are present\ncy.url().should('include', 'cart.html');\ncy.get('.cart_item_label').find('.inventory_item_name').should(Items => {\n  expect(Items[0]).to.contain('Sauce Labs Backpack');\n  expect(Items[1]).to.contain('Sauce Labs Bike Light');\n  expect(Items[2]).to.contain('Sauce Labs Bolt T-Shirt');\n  expect(Items[3]).to.contain('Sauce Labs Fleece Jacket');\n}); //clicks on the checkout button to further the order placement process\ncy.get('.cart_footer').find('#checkout').click(); //types the firstName, lastName and postalCode \ncy.get('[placeholder=\"First Name\"]').type('firstName');\ncy.get('[placeholder=\"Last Name\"]').type('lastName');\ncy.get('[placeholder=\"Zip/Postal Code\"]').type('5000064'); //clicks on continue button\ncy.get('.checkout_buttons input').click(); //navigates to \"checkout-step-two.html\" page for the payment information\ncy.get('.header_secondary_container').should('contain.text', 'Checkout: Overview');\ncy.get('.summary_info .summary_info_label').should('contain.text', 'Payment Information:'); //clicks on the finish button and navigates to \"checkout-complete.html\" page\ncy.get('.cart_footer #finish').click();\ncy.url().should('include', 'checkout-complete.html');\ncy.get('.header_secondary_container').should('contain.text', 'Checkout: Complete!'); //As the order is placed cart icon element should not contain the product\ncy.get('.shopping_cart_link').should('not.have.class', 'shopping_cart_badge');",
              "err": {},
              "uuid": "c3863417-3882-49e7-a807-475c8ef166fc",
              "parentUUID": "72564647-4ed6-40db-bc33-33a2938478e7",
              "isHook": false,
              "skipped": false
            },
            {
              "title": "order highest price product",
              "fullTitle": "Verify login page order highest price product",
              "timedOut": null,
              "duration": 2977,
              "state": "passed",
              "speed": "fast",
              "pass": true,
              "fail": false,
              "pending": false,
              "context": null,
              "code": "cy.login('standard_user', 'secret_sauce'); //selects the price (high to low) in the drop down menu\ncy.get('.product_sort_container').select('Price (high to low)'); //clicks on the Add to cart button\ncy.get('.pricebar').contains('#add-to-cart-sauce-labs-fleece-jacket', 'Add to cart').click(); //After clicking on Add to cart the item should be present in the cart icon element\ncy.get('.shopping_cart_link span').click(); //Navigates to cart page where the products added to cart are present\ncy.url().should('include', 'cart.html');\ncy.get('.cart_item_label').find('.inventory_item_name').should('have.class', 'inventory_item_name').and('contain.text', 'Sauce Labs Fleece Jacket'); //clicks on the checkout button to further the order placement process\ncy.get('.cart_footer').find('#checkout').click(); //types the firstName, lastName and postalCode \ncy.get('[placeholder=\"First Name\"]').type('firstName');\ncy.get('[placeholder=\"Last Name\"]').type('lastName');\ncy.get('[placeholder=\"Zip/Postal Code\"]').type('5000064'); //clicks on continue button\ncy.get('.checkout_buttons input').click(); //navigates to \"checkout-step-two.html\" page for the payment information\ncy.url().should('include', 'checkout-step-two.html');\ncy.get('.header_secondary_container').should('contain.text', 'Checkout: Overview');\ncy.get('.summary_info .summary_info_label').should('contain.text', 'Payment Information:'); //clicks on the finish button and navigates to \"checkout-complete.html\" page\ncy.get('.cart_footer #finish').click();\ncy.url().should('include', 'checkout-complete.html');\ncy.get('.header_secondary_container').should('contain.text', 'Checkout: Complete!'); //As the order is placed cart icon element should not contain the product\ncy.get('.shopping_cart_link').should('not.have.class', 'shopping_cart_badge');",
              "err": {},
              "uuid": "57e3df46-c2e7-4327-b460-868f0beb1565",
              "parentUUID": "72564647-4ed6-40db-bc33-33a2938478e7",
              "isHook": false,
              "skipped": false
            },
            {
              "title": "order lowest price product",
              "fullTitle": "Verify login page order lowest price product",
              "timedOut": null,
              "duration": 3173,
              "state": "passed",
              "speed": "fast",
              "pass": true,
              "fail": false,
              "pending": false,
              "context": null,
              "code": "cy.login('standard_user', 'secret_sauce'); //selects the price (low to high) in the drop down menu\ncy.get('.product_sort_container').select('Price (low to high)'); //clicks on the Add to cart button\ncy.get('.pricebar').contains('#add-to-cart-sauce-labs-onesie', 'Add to cart').click(); //After clicking on Add to cart the item should be present in the cart icon element\ncy.get('.shopping_cart_link span').should('have.class', 'shopping_cart_badge').click(); //Navigates to cart page where the products added to cart are present\ncy.url().should('include', 'cart.html');\ncy.get('.cart_item_label').find('.inventory_item_name').should('have.class', 'inventory_item_name').and('contain.text', 'Sauce Labs Onesie'); //clicks on the checkout button to further the order placement process\ncy.get('.cart_footer').find('#checkout').click(); //types the firstName, lastName and postalCode \ncy.get('[placeholder=\"First Name\"]').type('firstName');\ncy.get('[placeholder=\"Last Name\"]').type('lastName');\ncy.get('[placeholder=\"Zip/Postal Code\"]').type('5000064'); //clicks on continue button\ncy.get('.checkout_buttons input').click(); //navigates to \"checkout-step-two.html\" page for the payment information\ncy.url().should('include', 'checkout-step-two.html');\ncy.get('.header_secondary_container').should('contain.text', 'Checkout: Overview');\ncy.get('.summary_info .summary_info_label').should('contain.text', 'Payment Information:'); //clicks on the finish button and navigates to \"checkout-complete.html\" page\ncy.get('.cart_footer #finish').click();\ncy.url().should('include', 'checkout-complete.html');\ncy.get('.header_secondary_container').should('contain.text', 'Checkout: Complete!'); //As the order is placed cart icon element should not contain the product\ncy.get('.shopping_cart_link').should('not.have.class', 'shopping_cart_badge');",
              "err": {},
              "uuid": "de5dcadc-3c59-4d2f-84fb-d1771bea6d04",
              "parentUUID": "72564647-4ed6-40db-bc33-33a2938478e7",
              "isHook": false,
              "skipped": false
            }
          ],
          "suites": [],
          "passes": [
            "5411e72b-52ed-43d1-9835-d8df447654a5",
            "1ac124da-2387-429e-80d8-54b862ef44aa",
            "05eda9af-f268-4d44-abb7-74a2ef5da4d9",
            "08cab55d-97cb-43a5-942b-85e09c0bcac3",
            "e4110541-94f5-4292-97df-1446e34b640b",
            "9be8bf72-2e68-4966-bf4e-e27a228675e4",
            "5dbfec40-93c1-4301-b814-a0b0d183316e",
            "87424ef6-f1bb-4a8c-b7fb-e1c07faf5d72",
            "8fcdfec9-9f0b-4eec-8f86-2eea2449d790",
            "59eda9d0-2230-4716-89b4-7c146e3f35a1",
            "deb57504-212b-4f4a-9f54-c0a113f261df",
            "2c29df05-d9ae-43a4-bebb-f7323bfa8f7c",
            "7686472d-5bff-4f04-a5ad-469c99507a49",
            "f225719b-0bcb-47f2-9145-89546fb69d32",
            "c3863417-3882-49e7-a807-475c8ef166fc",
            "57e3df46-c2e7-4327-b460-868f0beb1565",
            "de5dcadc-3c59-4d2f-84fb-d1771bea6d04"
          ],
          "failures": [],
          "pending": [],
          "skipped": [],
          "duration": 64025,
          "root": false,
          "rootEmpty": false,
          "_timeout": 2000
        }
      ],
      "passes": [],
      "failures": [],
      "pending": [],
      "skipped": [],
      "duration": 0,
      "root": true,
      "rootEmpty": true,
      "_timeout": 2000
    }
  ],
  "meta": {
    "mocha": {
      "version": "7.0.1"
    },
    "mochawesome": {
      "options": {
        "quiet": false,
        "reportFilename": "mochawesome",
        "saveHtml": false,
        "saveJson": true,
        "consoleReporter": "spec",
        "useInlineDiffs": false,
        "code": true
      },
      "version": "7.1.3"
    },
    "marge": {
      "options": {
        "id": "default",
        "reportDir": "cypress/reports/mocha",
        "quite": true,
        "overwrite": false,
        "html": false,
        "json": true
      },
      "version": "6.2.0"
    }
  }
}